2022-04-02 11:09:00.539  INFO 43859 --- [main] c.h.a.c.CustomScannersServiceApplication : Starting CustomScannersServiceApplication on sebastian-ThinkPad-P1-Gen-3 with PID 43859 (/home/sebastian/.vscode/extensions/hcltechnologies.hclappscancodesweep-1.2.0/lib/custom-scanners-service-1.0.12.jar started by sebastian in /home/sebastian/Desktop/master/flutter/Login-Screen---Flutter-UI)
2022-04-02 11:09:00.542  INFO 43859 --- [main] c.h.a.c.CustomScannersServiceApplication : No active profile set, falling back to default profiles: default
2022-04-02 11:09:02.249  INFO 43859 --- [main] o.s.b.w.embedded.tomcat.TomcatWebServer  : Tomcat initialized with port(s): 9221 (http)
2022-04-02 11:09:02.268  INFO 43859 --- [main] o.apache.catalina.core.StandardService   : Starting service [Tomcat]
2022-04-02 11:09:02.268  INFO 43859 --- [main] org.apache.catalina.core.StandardEngine  : Starting Servlet engine: [Apache Tomcat/9.0.29]
2022-04-02 11:09:02.363  INFO 43859 --- [main] o.a.c.c.C.[Tomcat].[localhost].[/]       : Initializing Spring embedded WebApplicationContext
2022-04-02 11:09:02.363 DEBUG 43859 --- [main] o.s.web.context.ContextLoader            : Published root WebApplicationContext as ServletContext attribute with name [org.springframework.web.context.WebApplicationContext.ROOT]
2022-04-02 11:09:02.363  INFO 43859 --- [main] o.s.web.context.ContextLoader            : Root WebApplicationContext: initialization completed in 1759 ms
2022-04-02 11:09:02.643 DEBUG 43859 --- [main] o.s.b.w.s.ServletContextInitializerBeans : Mapping filters: filterRegistrationBean urls=[/*] order=-2147483647, characterEncodingFilter urls=[/*] order=-2147483648, formContentFilter urls=[/*] order=-9900, requestContextFilter urls=[/*] order=-105
2022-04-02 11:09:02.643 DEBUG 43859 --- [main] o.s.b.w.s.ServletContextInitializerBeans : Mapping servlets: dispatcherServlet urls=[/]
2022-04-02 11:09:03.451 DEBUG 43859 --- [main] s.w.s.m.m.a.RequestMappingHandlerMapping : 22 mappings in 'requestMappingHandlerMapping'
2022-04-02 11:09:03.517  INFO 43859 --- [main] o.s.b.a.e.web.EndpointLinksResolver      : Exposing 2 endpoint(s) beneath base path '/actuator'
2022-04-02 11:09:03.605  INFO 43859 --- [main] pertySourcedRequestMappingHandlerMapping : Mapped URL path [/v2/api-docs] onto method [springfox.documentation.swagger2.web.Swagger2Controller#getDocumentation(String, HttpServletRequest)]
2022-04-02 11:09:03.649  INFO 43859 --- [Thread-0] c.h.a.s.s.services.ArticleResource       : Completed reading English articles
2022-04-02 11:09:03.706  INFO 43859 --- [main] o.s.s.concurrent.ThreadPoolTaskExecutor  : Initializing ExecutorService 'applicationTaskExecutor'
2022-04-02 11:09:03.724 DEBUG 43859 --- [main] s.w.s.m.m.a.RequestMappingHandlerAdapter : ControllerAdvice beans: 0 @ModelAttribute, 0 @InitBinder, 1 RequestBodyAdvice, 1 ResponseBodyAdvice
2022-04-02 11:09:03.826 DEBUG 43859 --- [main] o.s.w.s.handler.SimpleUrlHandlerMapping  : Patterns [/webjars/**, /**] in 'resourceHandlerMapping'
2022-04-02 11:09:03.836 DEBUG 43859 --- [main] .m.m.a.ExceptionHandlerExceptionResolver : ControllerAdvice beans: 1 @ExceptionHandler, 1 ResponseBodyAdvice
2022-04-02 11:09:03.920  INFO 43859 --- [main] d.s.w.p.DocumentationPluginsBootstrapper : Context refreshed
2022-04-02 11:09:03.948  INFO 43859 --- [main] d.s.w.p.DocumentationPluginsBootstrapper : Found 1 custom documentation plugin(s)
2022-04-02 11:09:03.986  INFO 43859 --- [main] s.d.s.w.s.ApiListingReferenceScanner     : Scanning for api listing references
2022-04-02 11:09:04.178  INFO 43859 --- [main] o.s.b.w.embedded.tomcat.TomcatWebServer  : Tomcat started on port(s): 9221 (http) with context path ''
2022-04-02 11:09:04.181  INFO 43859 --- [main] c.h.a.c.CustomScannersServiceApplication : Started CustomScannersServiceApplication in 4.314 seconds (JVM running for 4.785)
2022-04-02 11:09:04.257  INFO 43859 --- [http-nio-9221-exec-1] o.a.c.c.C.[Tomcat].[localhost].[/]       : Initializing Spring DispatcherServlet 'dispatcherServlet'
2022-04-02 11:09:04.258  INFO 43859 --- [http-nio-9221-exec-1] o.s.web.servlet.DispatcherServlet        : Initializing Servlet 'dispatcherServlet'
2022-04-02 11:09:04.258 DEBUG 43859 --- [http-nio-9221-exec-1] o.s.web.servlet.DispatcherServlet        : Detected StandardServletMultipartResolver
2022-04-02 11:09:04.258 DEBUG 43859 --- [http-nio-9221-exec-1] o.s.web.servlet.DispatcherServlet        : Detected CookieLocaleResolver
2022-04-02 11:09:04.258 DEBUG 43859 --- [http-nio-9221-exec-1] o.s.web.servlet.DispatcherServlet        : Detected CookieThemeResolver
2022-04-02 11:09:04.264 DEBUG 43859 --- [http-nio-9221-exec-1] o.s.web.servlet.DispatcherServlet        : enableLoggingRequestDetails='false': request parameters and headers will be masked to prevent unsafe logging of potentially sensitive data
2022-04-02 11:09:04.264  INFO 43859 --- [http-nio-9221-exec-1] o.s.web.servlet.DispatcherServlet        : Completed initialization in 6 ms
2022-04-02 11:09:04.276 DEBUG 43859 --- [http-nio-9221-exec-1] o.s.web.servlet.DispatcherServlet        : GET "/v1/scanRules", parameters={}
2022-04-02 11:09:04.283 DEBUG 43859 --- [http-nio-9221-exec-1] s.w.s.m.m.a.RequestMappingHandlerMapping : Mapped to com.hcl.appscan.customscannersservice.controller.CustomScannersController#getScanRules(String[])
2022-04-02 11:09:04.305 DEBUG 43859 --- [http-nio-9221-exec-1] o.s.w.s.m.m.a.HttpEntityMethodProcessor  : Using 'application/json', given [application/json] and supported [application/json]
2022-04-02 11:09:04.313 DEBUG 43859 --- [http-nio-9221-exec-1] o.s.w.s.m.m.a.HttpEntityMethodProcessor  : Writing [{Golang={com.ouncelabs.languagelite.golang.rules.CommMisconfig=CustomScannersServiceScanRule{ruleNam (truncated)...]
2022-04-02 11:09:04.407 DEBUG 43859 --- [http-nio-9221-exec-1] o.s.web.servlet.DispatcherServlet        : Completed 200 OK
2022-04-02 11:10:26.531 DEBUG 43859 --- [http-nio-9221-exec-2] o.s.web.servlet.DispatcherServlet        : POST "/v1/scanFile", parameters={masked}
2022-04-02 11:10:26.535 DEBUG 43859 --- [http-nio-9221-exec-2] s.w.s.m.m.a.RequestMappingHandlerMapping : Mapped to com.hcl.appscan.customscannersservice.controller.CustomScannersController#runScanFile(MultipartFile, String, int[])
2022-04-02 11:10:26.819 DEBUG 43859 --- [http-nio-9221-exec-2] o.s.w.s.m.m.a.HttpEntityMethodProcessor  : Using 'application/json', given [application/json] and supported [application/json]
2022-04-02 11:10:26.821 DEBUG 43859 --- [http-nio-9221-exec-2] o.s.w.s.m.m.a.HttpEntityMethodProcessor  : Writing [CustomScannerServiceResult{findings=[]}]
2022-04-02 11:10:26.823 DEBUG 43859 --- [http-nio-9221-exec-2] o.s.web.servlet.DispatcherServlet        : Completed 200 OK
2022-04-02 11:58:18.638 DEBUG 43859 --- [http-nio-9221-exec-3] o.s.web.servlet.DispatcherServlet        : GET "/v1/scanRules", parameters={}
2022-04-02 11:58:18.639 DEBUG 43859 --- [http-nio-9221-exec-3] s.w.s.m.m.a.RequestMappingHandlerMapping : Mapped to com.hcl.appscan.customscannersservice.controller.CustomScannersController#getScanRules(String[])
2022-04-02 11:58:18.640 DEBUG 43859 --- [http-nio-9221-exec-3] o.s.w.s.m.m.a.HttpEntityMethodProcessor  : Using 'application/json', given [application/json] and supported [application/json]
2022-04-02 11:58:18.642 DEBUG 43859 --- [http-nio-9221-exec-3] o.s.w.s.m.m.a.HttpEntityMethodProcessor  : Writing [{Golang={com.ouncelabs.languagelite.golang.rules.CommMisconfig=CustomScannersServiceScanRule{ruleNam (truncated)...]
2022-04-02 11:58:18.657 DEBUG 43859 --- [http-nio-9221-exec-3] o.s.web.servlet.DispatcherServlet        : Completed 200 OK
2022-04-02 11:58:18.887 DEBUG 43859 --- [http-nio-9221-exec-4] o.s.web.servlet.DispatcherServlet        : GET "/v1/scanRules", parameters={}
2022-04-02 11:58:18.889 DEBUG 43859 --- [http-nio-9221-exec-4] s.w.s.m.m.a.RequestMappingHandlerMapping : Mapped to com.hcl.appscan.customscannersservice.controller.CustomScannersController#getScanRules(String[])
2022-04-02 11:58:18.890 DEBUG 43859 --- [http-nio-9221-exec-4] o.s.w.s.m.m.a.HttpEntityMethodProcessor  : Using 'application/json', given [application/json] and supported [application/json]
2022-04-02 11:58:18.891 DEBUG 43859 --- [http-nio-9221-exec-4] o.s.w.s.m.m.a.HttpEntityMethodProcessor  : Writing [{Golang={com.ouncelabs.languagelite.golang.rules.CommMisconfig=CustomScannersServiceScanRule{ruleNam (truncated)...]
2022-04-02 11:58:18.918 DEBUG 43859 --- [http-nio-9221-exec-4] o.s.web.servlet.DispatcherServlet        : Completed 200 OK
2022-04-02 11:58:37.799  INFO 50322 --- [main] c.h.a.c.CustomScannersServiceApplication : Starting CustomScannersServiceApplication on sebastian-ThinkPad-P1-Gen-3 with PID 50322 (/home/sebastian/.vscode/extensions/hcltechnologies.hclappscancodesweep-1.2.0/lib/custom-scanners-service-1.0.12.jar started by sebastian in /home/sebastian/Desktop/master/flutter/Login-Screen---Flutter-UI)
2022-04-02 11:58:37.801  INFO 50322 --- [main] c.h.a.c.CustomScannersServiceApplication : No active profile set, falling back to default profiles: default
2022-04-02 11:58:39.335  INFO 50322 --- [main] o.s.b.w.embedded.tomcat.TomcatWebServer  : Tomcat initialized with port(s): 9221 (http)
2022-04-02 11:58:39.354  INFO 50322 --- [main] o.apache.catalina.core.StandardService   : Starting service [Tomcat]
2022-04-02 11:58:39.355  INFO 50322 --- [main] org.apache.catalina.core.StandardEngine  : Starting Servlet engine: [Apache Tomcat/9.0.29]
2022-04-02 11:58:39.408  INFO 50322 --- [main] o.a.c.c.C.[Tomcat].[localhost].[/]       : Initializing Spring embedded WebApplicationContext
2022-04-02 11:58:39.409 DEBUG 50322 --- [main] o.s.web.context.ContextLoader            : Published root WebApplicationContext as ServletContext attribute with name [org.springframework.web.context.WebApplicationContext.ROOT]
2022-04-02 11:58:39.409  INFO 50322 --- [main] o.s.web.context.ContextLoader            : Root WebApplicationContext: initialization completed in 1571 ms
2022-04-02 11:58:39.641 DEBUG 50322 --- [main] o.s.b.w.s.ServletContextInitializerBeans : Mapping filters: filterRegistrationBean urls=[/*] order=-2147483647, characterEncodingFilter urls=[/*] order=-2147483648, formContentFilter urls=[/*] order=-9900, requestContextFilter urls=[/*] order=-105
2022-04-02 11:58:39.641 DEBUG 50322 --- [main] o.s.b.w.s.ServletContextInitializerBeans : Mapping servlets: dispatcherServlet urls=[/]
2022-04-02 11:58:40.385 DEBUG 50322 --- [main] s.w.s.m.m.a.RequestMappingHandlerMapping : 22 mappings in 'requestMappingHandlerMapping'
2022-04-02 11:58:40.421  INFO 50322 --- [main] o.s.b.a.e.web.EndpointLinksResolver      : Exposing 2 endpoint(s) beneath base path '/actuator'
2022-04-02 11:58:40.478  INFO 50322 --- [main] pertySourcedRequestMappingHandlerMapping : Mapped URL path [/v2/api-docs] onto method [springfox.documentation.swagger2.web.Swagger2Controller#getDocumentation(String, HttpServletRequest)]
2022-04-02 11:58:40.585  INFO 50322 --- [main] o.s.s.concurrent.ThreadPoolTaskExecutor  : Initializing ExecutorService 'applicationTaskExecutor'
2022-04-02 11:58:40.611 DEBUG 50322 --- [main] s.w.s.m.m.a.RequestMappingHandlerAdapter : ControllerAdvice beans: 0 @ModelAttribute, 0 @InitBinder, 1 RequestBodyAdvice, 1 ResponseBodyAdvice
2022-04-02 11:58:40.702  INFO 50322 --- [Thread-0] c.h.a.s.s.services.ArticleResource       : Completed reading English articles
2022-04-02 11:58:40.761 DEBUG 50322 --- [main] o.s.w.s.handler.SimpleUrlHandlerMapping  : Patterns [/webjars/**, /**] in 'resourceHandlerMapping'
2022-04-02 11:58:40.768 DEBUG 50322 --- [main] .m.m.a.ExceptionHandlerExceptionResolver : ControllerAdvice beans: 1 @ExceptionHandler, 1 ResponseBodyAdvice
2022-04-02 11:58:40.837  INFO 50322 --- [main] d.s.w.p.DocumentationPluginsBootstrapper : Context refreshed
2022-04-02 11:58:40.858  INFO 50322 --- [main] d.s.w.p.DocumentationPluginsBootstrapper : Found 1 custom documentation plugin(s)
2022-04-02 11:58:40.888  INFO 50322 --- [main] s.d.s.w.s.ApiListingReferenceScanner     : Scanning for api listing references
2022-04-02 11:58:41.071  INFO 50322 --- [main] o.s.b.w.embedded.tomcat.TomcatWebServer  : Tomcat started on port(s): 9221 (http) with context path ''
2022-04-02 11:58:41.074  INFO 50322 --- [main] c.h.a.c.CustomScannersServiceApplication : Started CustomScannersServiceApplication in 3.811 seconds (JVM running for 4.319)
2022-04-02 11:58:41.144  INFO 50322 --- [http-nio-9221-exec-1] o.a.c.c.C.[Tomcat].[localhost].[/]       : Initializing Spring DispatcherServlet 'dispatcherServlet'
2022-04-02 11:58:41.144  INFO 50322 --- [http-nio-9221-exec-1] o.s.web.servlet.DispatcherServlet        : Initializing Servlet 'dispatcherServlet'
2022-04-02 11:58:41.144 DEBUG 50322 --- [http-nio-9221-exec-1] o.s.web.servlet.DispatcherServlet        : Detected StandardServletMultipartResolver
2022-04-02 11:58:41.145 DEBUG 50322 --- [http-nio-9221-exec-1] o.s.web.servlet.DispatcherServlet        : Detected CookieLocaleResolver
2022-04-02 11:58:41.145 DEBUG 50322 --- [http-nio-9221-exec-1] o.s.web.servlet.DispatcherServlet        : Detected CookieThemeResolver
2022-04-02 11:58:41.152 DEBUG 50322 --- [http-nio-9221-exec-1] o.s.web.servlet.DispatcherServlet        : enableLoggingRequestDetails='false': request parameters and headers will be masked to prevent unsafe logging of potentially sensitive data
2022-04-02 11:58:41.153  INFO 50322 --- [http-nio-9221-exec-1] o.s.web.servlet.DispatcherServlet        : Completed initialization in 9 ms
2022-04-02 11:58:41.167 DEBUG 50322 --- [http-nio-9221-exec-1] o.s.web.servlet.DispatcherServlet        : GET "/v1/scanRules", parameters={}
2022-04-02 11:58:41.173 DEBUG 50322 --- [http-nio-9221-exec-1] s.w.s.m.m.a.RequestMappingHandlerMapping : Mapped to com.hcl.appscan.customscannersservice.controller.CustomScannersController#getScanRules(String[])
2022-04-02 11:58:41.197 DEBUG 50322 --- [http-nio-9221-exec-1] o.s.w.s.m.m.a.HttpEntityMethodProcessor  : Using 'application/json', given [application/json] and supported [application/json]
2022-04-02 11:58:41.205 DEBUG 50322 --- [http-nio-9221-exec-1] o.s.w.s.m.m.a.HttpEntityMethodProcessor  : Writing [{Golang={com.ouncelabs.languagelite.golang.rules.WeakCryptoGolang=CustomScannersServiceScanRule{rule (truncated)...]
2022-04-02 11:58:41.283 DEBUG 50322 --- [http-nio-9221-exec-1] o.s.web.servlet.DispatcherServlet        : Completed 200 OK
2022-04-02 11:59:04.256 DEBUG 50322 --- [http-nio-9221-exec-2] o.s.web.servlet.DispatcherServlet        : POST "/v1/scanFile", parameters={masked}
2022-04-02 11:59:04.261 DEBUG 50322 --- [http-nio-9221-exec-2] s.w.s.m.m.a.RequestMappingHandlerMapping : Mapped to com.hcl.appscan.customscannersservice.controller.CustomScannersController#runScanFile(MultipartFile, String, int[])
2022-04-02 11:59:04.324 DEBUG 50322 --- [http-nio-9221-exec-2] o.s.w.s.m.m.a.HttpEntityMethodProcessor  : Using 'application/json', given [application/json] and supported [application/json]
2022-04-02 11:59:04.327 DEBUG 50322 --- [http-nio-9221-exec-2] o.s.w.s.m.m.a.HttpEntityMethodProcessor  : Writing [CustomScannerServiceResult{findings=[CustomScannersServiceFinding{file='main.go', lineNumber='72', c (truncated)...]
2022-04-02 11:59:04.347 DEBUG 50322 --- [http-nio-9221-exec-2] o.s.web.servlet.DispatcherServlet        : Completed 200 OK
2022-04-02 11:59:05.948 DEBUG 50322 --- [http-nio-9221-exec-3] o.s.web.servlet.DispatcherServlet        : POST "/v1/scanFile", parameters={masked}
2022-04-02 11:59:05.949 DEBUG 50322 --- [http-nio-9221-exec-3] s.w.s.m.m.a.RequestMappingHandlerMapping : Mapped to com.hcl.appscan.customscannersservice.controller.CustomScannersController#runScanFile(MultipartFile, String, int[])
2022-04-02 11:59:05.963 DEBUG 50322 --- [http-nio-9221-exec-3] o.s.w.s.m.m.a.HttpEntityMethodProcessor  : Using 'application/json', given [application/json] and supported [application/json]
2022-04-02 11:59:05.964 DEBUG 50322 --- [http-nio-9221-exec-3] o.s.w.s.m.m.a.HttpEntityMethodProcessor  : Writing [CustomScannerServiceResult{findings=[CustomScannersServiceFinding{file='main.go', lineNumber='69', c (truncated)...]
2022-04-02 11:59:05.965 DEBUG 50322 --- [http-nio-9221-exec-3] o.s.web.servlet.DispatcherServlet        : Completed 200 OK
2022-04-02 11:59:27.836 DEBUG 50322 --- [http-nio-9221-exec-5] o.s.web.servlet.DispatcherServlet        : POST "/v1/scanFile", parameters={masked}
2022-04-02 11:59:27.837 DEBUG 50322 --- [http-nio-9221-exec-5] s.w.s.m.m.a.RequestMappingHandlerMapping : Mapped to com.hcl.appscan.customscannersservice.controller.CustomScannersController#runScanFile(MultipartFile, String, int[])
2022-04-02 11:59:27.862 DEBUG 50322 --- [http-nio-9221-exec-5] o.s.w.s.m.m.a.HttpEntityMethodProcessor  : Using 'application/json', given [application/json] and supported [application/json]
2022-04-02 11:59:27.862 DEBUG 50322 --- [http-nio-9221-exec-5] o.s.w.s.m.m.a.HttpEntityMethodProcessor  : Writing [CustomScannerServiceResult{findings=[CustomScannersServiceFinding{file='main.go', lineNumber='70', c (truncated)...]
2022-04-02 11:59:27.866 DEBUG 50322 --- [http-nio-9221-exec-5] o.s.web.servlet.DispatcherServlet        : Completed 200 OK
2022-04-02 11:59:36.351 DEBUG 50322 --- [http-nio-9221-exec-4] o.s.web.servlet.DispatcherServlet        : POST "/v1/scanFile", parameters={masked}
2022-04-02 11:59:36.352 DEBUG 50322 --- [http-nio-9221-exec-4] s.w.s.m.m.a.RequestMappingHandlerMapping : Mapped to com.hcl.appscan.customscannersservice.controller.CustomScannersController#runScanFile(MultipartFile, String, int[])
2022-04-02 11:59:36.360 DEBUG 50322 --- [http-nio-9221-exec-4] o.s.w.s.m.m.a.HttpEntityMethodProcessor  : Using 'application/json', given [application/json] and supported [application/json]
2022-04-02 11:59:36.361 DEBUG 50322 --- [http-nio-9221-exec-4] o.s.w.s.m.m.a.HttpEntityMethodProcessor  : Writing [CustomScannerServiceResult{findings=[CustomScannersServiceFinding{file='main.go', lineNumber='69', c (truncated)...]
2022-04-02 11:59:36.364 DEBUG 50322 --- [http-nio-9221-exec-4] o.s.web.servlet.DispatcherServlet        : Completed 200 OK
